# JRE version: OpenJDK Runtime Environment (8.0_242-b01) (build 1.8.0_242-release-1644-b01)
# Java VM: OpenJDK 64-Bit Server VM (25.242-b01 mixed mode windows-amd64 compressed oops)
Heap:
 PSYoungGen      total 437760K, used 312466K [0x00000000d5580000, 0x00000000f7600000, 0x0000000100000000)
  eden space 353280K, 88% used [0x00000000d5580000,0x00000000e86a4be0,0x00000000eae80000)
  from space 84480K, 0% used [0x00000000eae80000,0x00000000eae80000,0x00000000f0100000)
  to   space 80896K, 0% used [0x00000000f2700000,0x00000000f2700000,0x00000000f7600000)
 ParOldGen       total 192000K, used 86903K [0x0000000080000000, 0x000000008bb80000, 0x00000000d5580000)
  object space 192000K, 45% used [0x0000000080000000,0x00000000854ddd88,0x000000008bb80000)
 Metaspace       used 94084K, capacity 98930K, committed 99160K, reserved 1134592K
  class space    used 12213K, capacity 13163K, committed 13184K, reserved 1048576K
GC Heap History (10 events):
Event: 35.592 GC heap before
{Heap before GC invocations=20 (full 4):
 PSYoungGen      total 369664K, used 37348K [0x00000000d5580000, 0x00000000f4880000, 0x0000000100000000)
  eden space 332288K, 0% used [0x00000000d5580000,0x00000000d5580000,0x00000000e9a00000)
  from space 37376K, 99% used [0x00000000edd00000,0x00000000f0179218,0x00000000f0180000)
  to   space 68608K, 0% used [0x00000000e9a00000,0x00000000e9a00000,0x00000000edd00000)
 ParOldGen       total 132096K, used 131903K [0x0000000080000000, 0x0000000088100000, 0x00000000d5580000)
  object space 132096K, 99% used [0x0000000080000000,0x00000000880cff38,0x0000000088100000)
 Metaspace       used 82787K, capacity 87710K, committed 87768K, reserved 1124352K
  class space    used 11326K, capacity 12245K, committed 12288K, reserved 1048576K
Event: 36.984 GC heap after
Heap after GC invocations=20 (full 4):
 PSYoungGen      total 369664K, used 17362K [0x00000000d5580000, 0x00000000f4880000, 0x0000000100000000)
  eden space 332288K, 0% used [0x00000000d5580000,0x00000000d5580000,0x00000000e9a00000)
  from space 37376K, 46% used [0x00000000edd00000,0x00000000eedf4928,0x00000000f0180000)
  to   space 68608K, 0% used [0x00000000e9a00000,0x00000000e9a00000,0x00000000edd00000)
 ParOldGen       total 219648K, used 131885K [0x0000000080000000, 0x000000008d680000, 0x00000000d5580000)
  object space 219648K, 60% used [0x0000000080000000,0x00000000880cb5c8,0x000000008d680000)
 Metaspace       used 82411K, capacity 86648K, committed 87768K, reserved 1124352K
  class space    used 11203K, capacity 12028K, committed 12288K, reserved 1048576K
}
Event: 858.347 GC heap before
{Heap before GC invocations=21 (full 4):
 PSYoungGen      total 369664K, used 349650K [0x00000000d5580000, 0x00000000f4880000, 0x0000000100000000)
  eden space 332288K, 100% used [0x00000000d5580000,0x00000000e9a00000,0x00000000e9a00000)
  from space 37376K, 46% used [0x00000000edd00000,0x00000000eedf4928,0x00000000f0180000)
  to   space 68608K, 0% used [0x00000000e9a00000,0x00000000e9a00000,0x00000000edd00000)
 ParOldGen       total 219648K, used 131885K [0x0000000080000000, 0x000000008d680000, 0x00000000d5580000)
  object space 219648K, 60% used [0x0000000080000000,0x00000000880cb5c8,0x000000008d680000)
 Metaspace       used 90203K, capacity 94660K, committed 95320K, reserved 1132544K
  class space    used 11925K, capacity 12794K, committed 12928K, reserved 1048576K
Event: 860.851 GC heap after
Heap after GC invocations=21 (full 4):
 PSYoungGen      total 400896K, used 28653K [0x00000000d5580000, 0x00000000f4180000, 0x0000000100000000)
  eden space 332288K, 0% used [0x00000000d5580000,0x00000000d5580000,0x00000000e9a00000)
  from space 68608K, 41% used [0x00000000e9a00000,0x00000000eb5fb550,0x00000000edd00000)
  to   space 66048K, 0% used [0x00000000f0100000,0x00000000f0100000,0x00000000f4180000)
 ParOldGen       total 219648K, used 141465K [0x0000000080000000, 0x000000008d680000, 0x00000000d5580000)
  object space 219648K, 64% used [0x0000000080000000,0x0000000088a264c8,0x000000008d680000)
 Metaspace       used 90203K, capacity 94660K, committed 95320K, reserved 1132544K
  class space    used 11925K, capacity 12794K, committed 12928K, reserved 1048576K
}
Event: 871.169 GC heap before
{Heap before GC invocations=22 (full 4):
 PSYoungGen      total 400896K, used 360720K [0x00000000d5580000, 0x00000000f4180000, 0x0000000100000000)
  eden space 332288K, 99% used [0x00000000d5580000,0x00000000e99c8e30,0x00000000e9a00000)
  from space 68608K, 41% used [0x00000000e9a00000,0x00000000eb5fb550,0x00000000edd00000)
  to   space 66048K, 0% used [0x00000000f0100000,0x00000000f0100000,0x00000000f4180000)
 ParOldGen       total 219648K, used 141465K [0x0000000080000000, 0x000000008d680000, 0x00000000d5580000)
  object space 219648K, 64% used [0x0000000080000000,0x0000000088a264c8,0x000000008d680000)
 Metaspace       used 90687K, capacity 95114K, committed 95832K, reserved 1132544K
  class space    used 11932K, capacity 12801K, committed 12928K, reserved 1048576K
Event: 871.401 GC heap after
Heap after GC invocations=22 (full 4):
 PSYoungGen      total 419328K, used 66031K [0x00000000d5580000, 0x00000000f6700000, 0x0000000100000000)
  eden space 353280K, 0% used [0x00000000d5580000,0x00000000d5580000,0x00000000eae80000)
  from space 66048K, 99% used [0x00000000f0100000,0x00000000f417bd30,0x00000000f4180000)
  to   space 84480K, 0% used [0x00000000eae80000,0x00000000eae80000,0x00000000f0100000)
 ParOldGen       total 219648K, used 161040K [0x0000000080000000, 0x000000008d680000, 0x00000000d5580000)
  object space 219648K, 73% used [0x0000000080000000,0x0000000089d44360,0x000000008d680000)
 Metaspace       used 90687K, capacity 95114K, committed 95832K, reserved 1132544K
  class space    used 11932K, capacity 12801K, committed 12928K, reserved 1048576K
}
Event: 1165.607 GC heap before
{Heap before GC invocations=23 (full 4):
 PSYoungGen      total 419328K, used 419311K [0x00000000d5580000, 0x00000000f6700000, 0x0000000100000000)
  eden space 353280K, 100% used [0x00000000d5580000,0x00000000eae80000,0x00000000eae80000)
  from space 66048K, 99% used [0x00000000f0100000,0x00000000f417bd30,0x00000000f4180000)
  to   space 84480K, 0% used [0x00000000eae80000,0x00000000eae80000,0x00000000f0100000)
 ParOldGen       total 219648K, used 161040K [0x0000000080000000, 0x000000008d680000, 0x00000000d5580000)
  object space 219648K, 73% used [0x0000000080000000,0x0000000089d44360,0x000000008d680000)
 Metaspace       used 93139K, capacity 97790K, committed 98136K, reserved 1134592K
  class space    used 12160K, capacity 13115K, committed 13184K, reserved 1048576K
Event: 1170.153 GC heap after
Heap after GC invocations=23 (full 4):
 PSYoungGen      total 437760K, used 20842K [0x00000000d5580000, 0x00000000f7600000, 0x0000000100000000)
  eden space 353280K, 0% used [0x00000000d5580000,0x00000000d5580000,0x00000000eae80000)
  from space 84480K, 24% used [0x00000000eae80000,0x00000000ec2da800,0x00000000f0100000)
  to   space 80896K, 0% used [0x00000000f2700000,0x00000000f2700000,0x00000000f7600000)
 ParOldGen       total 219648K, used 191493K [0x0000000080000000, 0x000000008d680000, 0x00000000d5580000)
  object space 219648K, 87% used [0x0000000080000000,0x000000008bb01608,0x000000008d680000)
 Metaspace       used 93139K, capacity 97790K, committed 98136K, reserved 1134592K
  class space    used 12160K, capacity 13115K, committed 13184K, reserved 1048576K
}
Event: 1170.158 GC heap before
{Heap before GC invocations=24 (full 5):
 PSYoungGen      total 437760K, used 20842K [0x00000000d5580000, 0x00000000f7600000, 0x0000000100000000)
  eden space 353280K, 0% used [0x00000000d5580000,0x00000000d5580000,0x00000000eae80000)
  from space 84480K, 24% used [0x00000000eae80000,0x00000000ec2da800,0x00000000f0100000)
  to   space 80896K, 0% used [0x00000000f2700000,0x00000000f2700000,0x00000000f7600000)
 ParOldGen       total 219648K, used 191493K [0x0000000080000000, 0x000000008d680000, 0x00000000d5580000)
  object space 219648K, 87% used [0x0000000080000000,0x000000008bb01608,0x000000008d680000)
 Metaspace       used 93139K, capacity 97790K, committed 98136K, reserved 1134592K
  class space    used 12160K, capacity 13115K, committed 13184K, reserved 1048576K
Event: 1181.059 GC heap after
Heap after GC invocations=24 (full 5):
 PSYoungGen      total 437760K, used 0K [0x00000000d5580000, 0x00000000f7600000, 0x0000000100000000)
  eden space 353280K, 0% used [0x00000000d5580000,0x00000000d5580000,0x00000000eae80000)
  from space 84480K, 0% used [0x00000000eae80000,0x00000000eae80000,0x00000000f0100000)
  to   space 80896K, 0% used [0x00000000f2700000,0x00000000f2700000,0x00000000f7600000)
 ParOldGen       total 192000K, used 86903K [0x0000000080000000, 0x000000008bb80000, 0x00000000d5580000)
  object space 192000K, 45% used [0x0000000080000000,0x00000000854ddd88,0x000000008bb80000)
 Metaspace       used 93135K, capacity 97784K, committed 98136K, reserved 1134592K
  class space    used 12160K, capacity 13114K, committed 13184K, reserved 1048576K
}

